mode: atomic
github.com/heeus/core-logger/impl.go:46.38,48.2 1 13
github.com/heeus/core-logger/impl.go:51.41,54.2 2 27
github.com/heeus/core-logger/impl.go:57.21,59.2 1 6
github.com/heeus/core-logger/impl.go:66.64,70.26 4 8
github.com/heeus/core-logger/impl.go:76.2,76.17 1 8
github.com/heeus/core-logger/impl.go:70.26,72.21 2 8
github.com/heeus/core-logger/impl.go:72.21,74.4 1 8
github.com/heeus/core-logger/impl.go:79.109,84.19 5 11
github.com/heeus/core-logger/impl.go:94.2,94.12 1 11
github.com/heeus/core-logger/impl.go:84.19,86.28 2 11
github.com/heeus/core-logger/impl.go:89.3,89.46 1 11
github.com/heeus/core-logger/impl.go:92.3,92.23 1 11
github.com/heeus/core-logger/impl.go:86.28,88.4 1 18
github.com/heeus/core-logger/impl.go:89.46,91.4 1 480
github.com/heeus/core-logger/impl.go:97.65,105.2 5 7
github.com/heeus/core-logger/impl.go:107.45,108.15 1 12
github.com/heeus/core-logger/impl.go:118.2,118.11 1 1
github.com/heeus/core-logger/impl.go:109.21,110.21 1 3
github.com/heeus/core-logger/impl.go:111.23,112.23 1 4
github.com/heeus/core-logger/impl.go:113.20,114.20 1 2
github.com/heeus/core-logger/impl.go:115.21,116.21 1 2
github.com/heeus/core-logger/impl.go:121.57,122.22 1 9
github.com/heeus/core-logger/impl.go:122.22,124.3 1 7
github.com/heeus/core-logger/impl.go:128.33,130.2 1 2
github.com/heeus/core-logger/impl.go:133.35,135.2 1 4
github.com/heeus/core-logger/impl.go:138.32,140.2 1 1
github.com/heeus/core-logger/impl.go:143.33,145.2 1 2
