mode: atomic
github.com/heeus/core-logger/impl.go:41.38,43.2 1 13
github.com/heeus/core-logger/impl.go:46.41,49.2 2 27
github.com/heeus/core-logger/impl.go:52.21,54.2 1 6
github.com/heeus/core-logger/impl.go:61.64,65.26 4 7
github.com/heeus/core-logger/impl.go:71.2,71.17 1 7
github.com/heeus/core-logger/impl.go:65.26,67.21 2 7
github.com/heeus/core-logger/impl.go:67.21,69.4 1 7
github.com/heeus/core-logger/impl.go:74.65,84.19 8 7
github.com/heeus/core-logger/impl.go:94.2,94.18 1 7
github.com/heeus/core-logger/impl.go:84.19,86.28 2 7
github.com/heeus/core-logger/impl.go:89.3,89.32 1 7
github.com/heeus/core-logger/impl.go:92.3,92.23 1 7
github.com/heeus/core-logger/impl.go:86.28,88.4 1 7
github.com/heeus/core-logger/impl.go:89.32,91.4 1 283
github.com/heeus/core-logger/impl.go:97.45,98.15 1 12
github.com/heeus/core-logger/impl.go:108.2,108.11 1 1
github.com/heeus/core-logger/impl.go:99.21,100.21 1 3
github.com/heeus/core-logger/impl.go:101.23,102.23 1 4
github.com/heeus/core-logger/impl.go:103.20,104.20 1 2
github.com/heeus/core-logger/impl.go:105.21,106.21 1 2
github.com/heeus/core-logger/impl.go:111.57,112.22 1 9
github.com/heeus/core-logger/impl.go:112.22,114.3 1 7
github.com/heeus/core-logger/impl.go:118.33,120.2 1 2
github.com/heeus/core-logger/impl.go:123.35,125.2 1 4
github.com/heeus/core-logger/impl.go:128.32,130.2 1 1
github.com/heeus/core-logger/impl.go:133.33,135.2 1 2
